src/app/[tenant_id]/news01/[id]/page.tsx(2,30): error TS2307: Cannot find module '../../templates/template01/layout' or its corresponding type declarations.
src/app/[tenant_id]/news01/[id]/page.tsx(3,30): error TS2307: Cannot find module '../../templates/template02/layout' or its corresponding type declarations.
src/app/[tenant_id]/news01/[id]/page.tsx(4,38): error TS2307: Cannot find module '../../templates/template01/news/[id]/page' or its corresponding type declarations.
src/app/[tenant_id]/news01/[id]/page.tsx(5,38): error TS2307: Cannot find module '../../templates/template02/news/[id]/page' or its corresponding type declarations.
src/app/[tenant_id]/news01/page.tsx(2,30): error TS2307: Cannot find module '../templates/template01/layout' or its corresponding type declarations.
src/app/[tenant_id]/news01/page.tsx(3,30): error TS2307: Cannot find module '../templates/template02/layout' or its corresponding type declarations.
src/app/[tenant_id]/news01/page.tsx(4,32): error TS2307: Cannot find module '../templates/template01/news/page' or its corresponding type declarations.
src/app/[tenant_id]/news01/page.tsx(5,32): error TS2307: Cannot find module '../templates/template02/news/page' or its corresponding type declarations.
src/app/[tenant_id]/news02/[id]/page.tsx(2,30): error TS2307: Cannot find module '../../templates/template01/layout' or its corresponding type declarations.
src/app/[tenant_id]/news02/[id]/page.tsx(3,30): error TS2307: Cannot find module '../../templates/template02/layout' or its corresponding type declarations.
src/app/[tenant_id]/news02/[id]/page.tsx(4,38): error TS2307: Cannot find module '../../templates/template01/news/[id]/page' or its corresponding type declarations.
src/app/[tenant_id]/news02/[id]/page.tsx(5,38): error TS2307: Cannot find module '../../templates/template02/news/[id]/page' or its corresponding type declarations.
src/app/[tenant_id]/news02/page.tsx(2,30): error TS2307: Cannot find module '../templates/template01/layout' or its corresponding type declarations.
src/app/[tenant_id]/news02/page.tsx(3,30): error TS2307: Cannot find module '../templates/template02/layout' or its corresponding type declarations.
src/app/[tenant_id]/news02/page.tsx(4,32): error TS2307: Cannot find module '../templates/template01/news/page' or its corresponding type declarations.
src/app/[tenant_id]/news02/page.tsx(5,32): error TS2307: Cannot find module '../templates/template02/news/page' or its corresponding type declarations.
src/app/[tenant_id]/privacy01/page.tsx(2,30): error TS2307: Cannot find module '../templates/template01/layout' or its corresponding type declarations.
src/app/[tenant_id]/privacy01/page.tsx(3,30): error TS2307: Cannot find module '../templates/template02/layout' or its corresponding type declarations.
src/app/[tenant_id]/privacy01/page.tsx(4,35): error TS2307: Cannot find module '../templates/template01/privacy/page' or its corresponding type declarations.
src/app/[tenant_id]/privacy01/page.tsx(5,35): error TS2307: Cannot find module '../templates/template02/privacy/page' or its corresponding type declarations.
src/app/[tenant_id]/privacy02/page.tsx(2,30): error TS2307: Cannot find module '../templates/template01/layout' or its corresponding type declarations.
src/app/[tenant_id]/privacy02/page.tsx(3,30): error TS2307: Cannot find module '../templates/template02/layout' or its corresponding type declarations.
src/app/[tenant_id]/privacy02/page.tsx(4,35): error TS2307: Cannot find module '../templates/template01/privacy/page' or its corresponding type declarations.
src/app/[tenant_id]/privacy02/page.tsx(5,35): error TS2307: Cannot find module '../templates/template02/privacy/page' or its corresponding type declarations.
src/app/[tenant_id]/terms01/page.tsx(2,30): error TS2307: Cannot find module '../templates/template01/layout' or its corresponding type declarations.
src/app/[tenant_id]/terms01/page.tsx(3,30): error TS2307: Cannot find module '../templates/template02/layout' or its corresponding type declarations.
src/app/[tenant_id]/terms01/page.tsx(4,33): error TS2307: Cannot find module '../templates/template01/terms/page' or its corresponding type declarations.
src/app/[tenant_id]/terms01/page.tsx(5,33): error TS2307: Cannot find module '../templates/template02/terms/page' or its corresponding type declarations.
src/app/[tenant_id]/terms02/page.tsx(2,30): error TS2307: Cannot find module '../templates/template01/layout' or its corresponding type declarations.
src/app/[tenant_id]/terms02/page.tsx(3,30): error TS2307: Cannot find module '../templates/template02/layout' or its corresponding type declarations.
src/app/[tenant_id]/terms02/page.tsx(4,33): error TS2307: Cannot find module '../templates/template01/terms/page' or its corresponding type declarations.
src/app/[tenant_id]/terms02/page.tsx(5,33): error TS2307: Cannot find module '../templates/template02/terms/page' or its corresponding type declarations.
